// Spring Shell 1.1.0.RELEASE log opened at 2017-12-05 19:34:39
// Spring Shell 1.1.0.RELEASE log opened at 2017-12-05 19:51:14
help
system properties
exit
// Spring Shell 1.1.0.RELEASE log closed at 2017-12-05 19:55:52
// Spring Shell 1.1.0.RELEASE log opened at 2017-12-05 19:56:35
exit
// Spring Shell 1.1.0.RELEASE log closed at 2017-12-05 19:58:26
// Spring Shell 1.1.0.RELEASE log opened at 2017-12-05 19:58:55
!
! cls
exit
// Spring Shell 1.1.0.RELEASE log closed at 2017-12-05 19:59:28
// Spring Shell 1.1.0.RELEASE log opened at 2017-12-05 20:04:16
version
exit
// Spring Shell 1.1.0.RELEASE log closed at 2017-12-05 20:04:38
// Spring Shell 1.1.0.RELEASE log opened at 2017-12-05 20:14:35
// Spring Shell 1.1.0.RELEASE log opened at 2017-12-05 20:21:21
exit
// Spring Shell 1.1.0.RELEASE log closed at 2017-12-05 20:22:22
// Spring Shell 1.1.0.RELEASE log opened at 2017-12-05 20:23:43
exit
// Spring Shell 1.1.0.RELEASE log closed at 2017-12-05 20:28:11
// Spring Shell 1.1.0.RELEASE log opened at 2017-12-05 20:46:35
exit
// Spring Shell 1.1.0.RELEASE log closed at 2017-12-05 20:54:01
// Spring Shell 1.2.0.RELEASE log opened at 2017-12-05 20:58:59
exit
// Spring Shell 1.2.0.RELEASE log closed at 2017-12-05 21:00:11
// Spring Shell 1.2.0.RELEASE log opened at 2017-12-05 21:00:56
exit
// Spring Shell 1.2.0.RELEASE log closed at 2017-12-05 21:02:07
// Spring Shell 1.2.0.RELEASE log opened at 2017-12-05 21:02:23
